<?xml version="1.0" encoding="UTF-8"?>
<!-- Generated by org.testng.reporters.JUnitXMLReporter -->
<testsuite ignored="4" hostname="HP" failures="0" tests="1" name="Test" time="8.257" errors="0" timestamp="2026-07-09T18:59:57 IST">
  <testcase classname="testscript.LoginTest" name="verifyTheUserIsAbleToLoginWithValidCredentials" time="2.156"/>
  <testcase classname="testscript.LoginTest" name="verifyUserIsAbleToLoginWithInvalidUsernameAndValidPassword" time="0.0">
    <ignored/>
  </testcase> <!-- verifyUserIsAbleToLoginWithInvalidUsernameAndValidPassword -->
  <testcase classname="testscript.LogoutTest" name="verifyUserisAbleToLogoutSucessfullyFromTheDashboard" time="0.0">
    <ignored/>
  </testcase> <!-- verifyUserisAbleToLogoutSucessfullyFromTheDashboard -->
  <testcase classname="testscript.LoginTest" name="verifyUserIsAbleToLoginWithValidUsernameAndInvalidPassword" time="0.0">
    <ignored/>
  </testcase> <!-- verifyUserIsAbleToLoginWithValidUsernameAndInvalidPassword -->
  <testcase classname="testscript.LoginTest" name="verifyUserIsAbleToLoginWithInvalidCredentials" time="0.0">
    <ignored/>
  </testcase> <!-- verifyUserIsAbleToLoginWithInvalidCredentials -->
</testsuite> <!-- Test -->
