<?xml version="1.0" encoding="UTF-8"?>
<testng-results ignored="0" total="1" passed="1" failed="0" skipped="0">
  <reporter-output>
  </reporter-output>
  <suite started-at="2026-07-09T14:19:59 IST" name="Default suite" finished-at="2026-07-09T14:20:09 IST" duration-ms="10069">
    <groups>
    </groups>
    <test started-at="2026-07-09T14:19:59 IST" name="Default test" finished-at="2026-07-09T14:20:09 IST" duration-ms="10069">
      <class name="testscript.ManageNewsTest">
        <test-method is-config="true" signature="initilizebrowser()[pri:0, instance:testscript.ManageNewsTest@5656be13]" started-at="2026-07-09T14:19:59 IST" name="initilizebrowser" finished-at="2026-07-09T14:20:06 IST" duration-ms="6201" status="PASS">
          <reporter-output>
          </reporter-output>
        </test-method> <!-- initilizebrowser -->
        <test-method signature="manageNews()[pri:0, instance:testscript.ManageNewsTest@5656be13]" started-at="2026-07-09T14:20:06 IST" name="manageNews" finished-at="2026-07-09T14:20:09 IST" duration-ms="3789" status="PASS">
          <reporter-output>
          </reporter-output>
        </test-method> <!-- manageNews -->
      </class> <!-- testscript.ManageNewsTest -->
    </test> <!-- Default test -->
  </suite> <!-- Default suite -->
</testng-results>
