<?xml version="1.0" encoding="UTF-8"?>
<testng-results ignored="0" total="1" passed="1" failed="0" skipped="0">
  <reporter-output>
  </reporter-output>
  <suite started-at="2026-07-16T11:46:55 IST" name="Suite" finished-at="2026-07-16T11:47:14 IST" duration-ms="18322">
    <groups>
    </groups>
    <test started-at="2026-07-16T11:46:55 IST" name="Test" finished-at="2026-07-16T11:47:14 IST" duration-ms="18322">
      <class name="testscript.ManageNewsTest">
        <test-method is-config="true" signature="initializeBrowser(java.lang.String)[pri:0, instance:testscript.ManageNewsTest@14bdbc74]" started-at="2026-07-16T11:46:56 IST" name="initializeBrowser" finished-at="2026-07-16T11:47:09 IST" duration-ms="13326" status="PASS">
          <params>
            <param index="0">
              <value>
                <![CDATA[chrome]]>
              </value>
            </param>
          </params>
          <reporter-output>
          </reporter-output>
        </test-method> <!-- initializeBrowser -->
        <test-method signature="manageNews()[pri:0, instance:testscript.ManageNewsTest@14bdbc74]" started-at="2026-07-16T11:47:09 IST" name="manageNews" finished-at="2026-07-16T11:47:13 IST" duration-ms="4119" status="PASS">
          <reporter-output>
          </reporter-output>
        </test-method> <!-- manageNews -->
        <test-method is-config="true" signature="browserQuit(org.testng.ITestResult)[pri:0, instance:testscript.ManageNewsTest@14bdbc74]" started-at="2026-07-16T11:47:13 IST" name="browserQuit" finished-at="2026-07-16T11:47:14 IST" duration-ms="770" status="PASS">
          <params>
            <param index="0">
              <value>
                <![CDATA[[TestResult name=manageNews status=SUCCESS method=ManageNewsTest.manageNews()[pri:0, instance:testscript.ManageNewsTest@14bdbc74] output={null}]]]>
              </value>
            </param>
          </params>
          <reporter-output>
          </reporter-output>
        </test-method> <!-- browserQuit -->
      </class> <!-- testscript.ManageNewsTest -->
    </test> <!-- Test -->
  </suite> <!-- Suite -->
</testng-results>
